android/app/build/intermediates/manifest_merge_blame_file/debug/manifest-merger-blame-debug-report.txt
1<?xml version="1.0" encoding="utf-8"?>
2<manifest xmlns:android="http://schemas.android.com/apk/res/android"
3    package="hu.skawa.skunkworks.firebase_acl_demo"
4    android:versionCode="1"
5    android:versionName="1.0" >
6
7    <uses-sdk
8        android:minSdkVersion="16"
8-->src\main\AndroidManifest.xml
9        android:targetSdkVersion="30" />
9-->src\main\AndroidManifest.xml
10
11    <uses-permission android:name="android.permission.ACCESS_NETWORK_STATE" />
11-->[com.google.firebase:firebase-config:21.0.0] AndroidManifest.xml:25:5-79
11-->[com.google.firebase:firebase-config:21.0.0] AndroidManifest.xml:25:22-76
12    <uses-permission android:name="android.permission.INTERNET" />
12-->[com.google.firebase:firebase-config:21.0.0] AndroidManifest.xml:26:5-67
12-->[com.google.firebase:firebase-config:21.0.0] AndroidManifest.xml:26:22-64
13    <uses-permission android:name="android.permission.WAKE_LOCK" />
13-->[com.google.android.gms:play-services-measurement-api:19.0.0] AndroidManifest.xml:24:5-68
13-->[com.google.android.gms:play-services-measurement-api:19.0.0] AndroidManifest.xml:24:22-65
14    <uses-permission android:name="com.google.android.finsky.permission.BIND_GET_INSTALL_REFERRER_SERVICE" />
14-->[com.google.android.gms:play-services-measurement:19.0.0] AndroidManifest.xml:26:5-110
14-->[com.google.android.gms:play-services-measurement:19.0.0] AndroidManifest.xml:26:22-107
15
16    <application
16-->src\main\AndroidManifest.xml:5:5-28:19
17        android:allowBackup="true"
17-->src\main\AndroidManifest.xml:6:9-35
18        android:appComponentFactory="androidx.core.app.CoreComponentFactory"
18-->[androidx.core:core:1.5.0] AndroidManifest.xml:24:18-86
19        android:debuggable="true"
20        android:icon="@mipmap/ic_launcher"
20-->src\main\AndroidManifest.xml:7:9-43
21        android:label="@string/app_name"
21-->src\main\AndroidManifest.xml:8:9-41
22        android:testOnly="true"
23        android:theme="@style/AppTheme" >
23-->src\main\AndroidManifest.xml:9:9-40
24        <activity
24-->src\main\AndroidManifest.xml:11:9-13:48
25            android:name="com.google.samples.quickstart.config.java.MainActivity"
25-->src\main\AndroidManifest.xml:12:13-46
26            android:label="@string/app_name" />
26-->src\main\AndroidManifest.xml:13:13-45
27        <activity
27-->src\main\AndroidManifest.xml:15:9-17:48
28            android:name="com.google.samples.quickstart.config.kotlin.MainActivity"
28-->src\main\AndroidManifest.xml:16:13-48
29            android:label="@string/app_name" />
29-->src\main\AndroidManifest.xml:17:13-45
30        <activity
30-->src\main\AndroidManifest.xml:19:9-27:20
31            android:name="com.google.samples.quickstart.config.EntryChoiceActivity"
31-->src\main\AndroidManifest.xml:20:13-48
32            android:label="@string/app_name" >
32-->src\main\AndroidManifest.xml:21:13-45
33            <intent-filter>
33-->src\main\AndroidManifest.xml:22:13-26:29
34                <action android:name="android.intent.action.MAIN" />
34-->src\main\AndroidManifest.xml:23:17-69
34-->src\main\AndroidManifest.xml:23:25-66
35
36                <category android:name="android.intent.category.LAUNCHER" />
36-->src\main\AndroidManifest.xml:25:17-77
36-->src\main\AndroidManifest.xml:25:27-74
37            </intent-filter>
38        </activity>
39
40        <service
40-->[com.google.firebase:firebase-config-ktx:21.0.0] AndroidManifest.xml:12:9-18:19
41            android:name="com.google.firebase.components.ComponentDiscoveryService"
41-->[com.google.firebase:firebase-config-ktx:21.0.0] AndroidManifest.xml:13:13-84
42            android:directBootAware="true"
42-->[com.google.firebase:firebase-common:20.0.0] AndroidManifest.xml:35:13-43
43            android:exported="false" >
43-->[com.google.firebase:firebase-config-ktx:21.0.0] AndroidManifest.xml:14:13-37
44            <meta-data
44-->[com.google.firebase:firebase-config-ktx:21.0.0] AndroidManifest.xml:15:13-17:85
45                android:name="com.google.firebase.components:com.google.firebase.remoteconfig.ktx.FirebaseRemoteConfigKtxRegistrar"
45-->[com.google.firebase:firebase-config-ktx:21.0.0] AndroidManifest.xml:16:17-132
46                android:value="com.google.firebase.components.ComponentRegistrar" />
46-->[com.google.firebase:firebase-config-ktx:21.0.0] AndroidManifest.xml:17:17-82
47            <meta-data
47-->[com.google.firebase:firebase-config:21.0.0] AndroidManifest.xml:32:13-34:85
48                android:name="com.google.firebase.components:com.google.firebase.remoteconfig.RemoteConfigRegistrar"
48-->[com.google.firebase:firebase-config:21.0.0] AndroidManifest.xml:33:17-117
49                android:value="com.google.firebase.components.ComponentRegistrar" />
49-->[com.google.firebase:firebase-config:21.0.0] AndroidManifest.xml:34:17-82
50            <meta-data
50-->[com.google.firebase:firebase-common-ktx:20.0.0] AndroidManifest.xml:15:13-17:85
51                android:name="com.google.firebase.components:com.google.firebase.ktx.FirebaseCommonKtxRegistrar"
51-->[com.google.firebase:firebase-common-ktx:20.0.0] AndroidManifest.xml:16:17-113
52                android:value="com.google.firebase.components.ComponentRegistrar" />
52-->[com.google.firebase:firebase-common-ktx:20.0.0] AndroidManifest.xml:17:17-82
53            <meta-data
53-->[com.google.android.gms:play-services-measurement-api:19.0.0] AndroidManifest.xml:30:13-32:85
54                android:name="com.google.firebase.components:com.google.firebase.analytics.connector.internal.AnalyticsConnectorRegistrar"
54-->[com.google.android.gms:play-services-measurement-api:19.0.0] AndroidManifest.xml:31:17-139
55                android:value="com.google.firebase.components.ComponentRegistrar" />
55-->[com.google.android.gms:play-services-measurement-api:19.0.0] AndroidManifest.xml:32:17-82
56            <meta-data
56-->[com.google.firebase:firebase-abt:21.0.0] AndroidManifest.xml:13:13-15:85
57                android:name="com.google.firebase.components:com.google.firebase.abt.component.AbtRegistrar"
57-->[com.google.firebase:firebase-abt:21.0.0] AndroidManifest.xml:14:17-109
58                android:value="com.google.firebase.components.ComponentRegistrar" />
58-->[com.google.firebase:firebase-abt:21.0.0] AndroidManifest.xml:15:17-82
59            <meta-data
59-->[com.google.firebase:firebase-installations:17.0.0] AndroidManifest.xml:18:13-20:85
60                android:name="com.google.firebase.components:com.google.firebase.installations.FirebaseInstallationsRegistrar"
60-->[com.google.firebase:firebase-installations:17.0.0] AndroidManifest.xml:19:17-127
61                android:value="com.google.firebase.components.ComponentRegistrar" />
61-->[com.google.firebase:firebase-installations:17.0.0] AndroidManifest.xml:20:17-82
62        </service>
63
64        <provider
64-->[com.google.firebase:firebase-common:20.0.0] AndroidManifest.xml:26:9-31:39
65            android:name="com.google.firebase.provider.FirebaseInitProvider"
65-->[com.google.firebase:firebase-common:20.0.0] AndroidManifest.xml:27:13-77
66            android:authorities="hu.skawa.skunkworks.firebase_acl_demo.firebaseinitprovider"
66-->[com.google.firebase:firebase-common:20.0.0] AndroidManifest.xml:28:13-72
67            android:directBootAware="true"
67-->[com.google.firebase:firebase-common:20.0.0] AndroidManifest.xml:29:13-43
68            android:exported="false"
68-->[com.google.firebase:firebase-common:20.0.0] AndroidManifest.xml:30:13-37
69            android:initOrder="100" />
69-->[com.google.firebase:firebase-common:20.0.0] AndroidManifest.xml:31:13-36
70
71        <receiver
71-->[com.google.android.gms:play-services-measurement:19.0.0] AndroidManifest.xml:29:9-33:20
72            android:name="com.google.android.gms.measurement.AppMeasurementReceiver"
72-->[com.google.android.gms:play-services-measurement:19.0.0] AndroidManifest.xml:30:13-85
73            android:enabled="true"
73-->[com.google.android.gms:play-services-measurement:19.0.0] AndroidManifest.xml:31:13-35
74            android:exported="false" >
74-->[com.google.android.gms:play-services-measurement:19.0.0] AndroidManifest.xml:32:13-37
75        </receiver>
76
77        <service
77-->[com.google.android.gms:play-services-measurement:19.0.0] AndroidManifest.xml:35:9-38:40
78            android:name="com.google.android.gms.measurement.AppMeasurementService"
78-->[com.google.android.gms:play-services-measurement:19.0.0] AndroidManifest.xml:36:13-84
79            android:enabled="true"
79-->[com.google.android.gms:play-services-measurement:19.0.0] AndroidManifest.xml:37:13-35
80            android:exported="false" />
80-->[com.google.android.gms:play-services-measurement:19.0.0] AndroidManifest.xml:38:13-37
81        <service
81-->[com.google.android.gms:play-services-measurement:19.0.0] AndroidManifest.xml:39:9-43:72
82            android:name="com.google.android.gms.measurement.AppMeasurementJobService"
82-->[com.google.android.gms:play-services-measurement:19.0.0] AndroidManifest.xml:40:13-87
83            android:enabled="true"
83-->[com.google.android.gms:play-services-measurement:19.0.0] AndroidManifest.xml:41:13-35
84            android:exported="false"
84-->[com.google.android.gms:play-services-measurement:19.0.0] AndroidManifest.xml:42:13-37
85            android:permission="android.permission.BIND_JOB_SERVICE" />
85-->[com.google.android.gms:play-services-measurement:19.0.0] AndroidManifest.xml:43:13-69
86
87        <meta-data
87-->[com.google.android.gms:play-services-basement:17.2.1] AndroidManifest.xml:23:9-25:69
88            android:name="com.google.android.gms.version"
88-->[com.google.android.gms:play-services-basement:17.2.1] AndroidManifest.xml:24:13-58
89            android:value="@integer/google_play_services_version" />
89-->[com.google.android.gms:play-services-basement:17.2.1] AndroidManifest.xml:25:13-66
90    </application>
91
92</manifest>